0 info it worked if it ends with ok
1 verbose cli [
1 verbose cli   'C:\\Program Files\\nodejs\\node.exe',
1 verbose cli   'C:\\Users\\SANDHYA KUMARI\\node_modules\\npm\\bin\\npm-cli.js',
1 verbose cli   'run',
1 verbose cli   'lint:fix',
1 verbose cli   'C:/Users/SANDHYA KUMARI/Desktop/nodeJs-production-setup/src/app.ts',
1 verbose cli   'C:/Users/SANDHYA KUMARI/Desktop/nodeJs-production-setup/src/constant/application.ts',
1 verbose cli   'C:/Users/SANDHYA KUMARI/Desktop/nodeJs-production-setup/src/constant/responseMessage.ts',
1 verbose cli   'C:/Users/SANDHYA KUMARI/Desktop/nodeJs-production-setup/src/controller/apiController.ts',
1 verbose cli   'C:/Users/SANDHYA KUMARI/Desktop/nodeJs-production-setup/src/router/apiRouter.ts',
1 verbose cli   'C:/Users/SANDHYA KUMARI/Desktop/nodeJs-production-setup/src/server.ts',
1 verbose cli   'C:/Users/SANDHYA KUMARI/Desktop/nodeJs-production-setup/src/types/types.ts',
1 verbose cli   'C:/Users/SANDHYA KUMARI/Desktop/nodeJs-production-setup/src/util/errorObject.ts',
1 verbose cli   'C:/Users/SANDHYA KUMARI/Desktop/nodeJs-production-setup/src/util/httpError.ts',
1 verbose cli   'C:/Users/SANDHYA KUMARI/Desktop/nodeJs-production-setup/src/util/httpResponse.ts'
1 verbose cli ]
2 info using npm@2.15.12
3 info using node@v22.12.0
4 verbose run-script [ 'prelint:fix', 'lint:fix', 'postlint:fix' ]
5 info prelint:fix ts-backend-production-template@1.0.0
6 info lint:fix ts-backend-production-template@1.0.0
7 verbose unsafe-perm in lifecycle true
8 info ts-backend-production-template@1.0.0 Failed to exec lint:fix script
9 verbose stack Error: ts-backend-production-template@1.0.0 lint:fix: `eslint --fix "C:/Users/SANDHYA KUMARI/Desktop/nodeJs-production-setup/src/app.ts" "C:/Users/SANDHYA KUMARI/Desktop/nodeJs-production-setup/src/constant/application.ts" "C:/Users/SANDHYA KUMARI/Desktop/nodeJs-production-setup/src/constant/responseMessage.ts" "C:/Users/SANDHYA KUMARI/Desktop/nodeJs-production-setup/src/controller/apiController.ts" "C:/Users/SANDHYA KUMARI/Desktop/nodeJs-production-setup/src/router/apiRouter.ts" "C:/Users/SANDHYA KUMARI/Desktop/nodeJs-production-setup/src/server.ts" "C:/Users/SANDHYA KUMARI/Desktop/nodeJs-production-setup/src/types/types.ts" "C:/Users/SANDHYA KUMARI/Desktop/nodeJs-production-setup/src/util/errorObject.ts" "C:/Users/SANDHYA KUMARI/Desktop/nodeJs-production-setup/src/util/httpError.ts" "C:/Users/SANDHYA KUMARI/Desktop/nodeJs-production-setup/src/util/httpResponse.ts"`
9 verbose stack Exit status 1
9 verbose stack     at EventEmitter.<anonymous> (C:\Users\SANDHYA KUMARI\node_modules\npm\lib\utils\lifecycle.js:217:16)
9 verbose stack     at EventEmitter.emit (node:events:524:28)
9 verbose stack     at ChildProcess.<anonymous> (C:\Users\SANDHYA KUMARI\node_modules\npm\lib\utils\spawn.js:24:14)
9 verbose stack     at ChildProcess.emit (node:events:524:28)
9 verbose stack     at maybeClose (node:internal/child_process:1101:16)
9 verbose stack     at ChildProcess._handle.onexit (node:internal/child_process:304:5)
10 verbose pkgid ts-backend-production-template@1.0.0
11 verbose cwd C:\Users\SANDHYA KUMARI\Desktop\nodeJs-production-setup
12 error Windows_NT 10.0.19045
13 error argv "C:\\Program Files\\nodejs\\node.exe" "C:\\Users\\SANDHYA KUMARI\\node_modules\\npm\\bin\\npm-cli.js" "run" "lint:fix" "C:/Users/SANDHYA KUMARI/Desktop/nodeJs-production-setup/src/app.ts" "C:/Users/SANDHYA KUMARI/Desktop/nodeJs-production-setup/src/constant/application.ts" "C:/Users/SANDHYA KUMARI/Desktop/nodeJs-production-setup/src/constant/responseMessage.ts" "C:/Users/SANDHYA KUMARI/Desktop/nodeJs-production-setup/src/controller/apiController.ts" "C:/Users/SANDHYA KUMARI/Desktop/nodeJs-production-setup/src/router/apiRouter.ts" "C:/Users/SANDHYA KUMARI/Desktop/nodeJs-production-setup/src/server.ts" "C:/Users/SANDHYA KUMARI/Desktop/nodeJs-production-setup/src/types/types.ts" "C:/Users/SANDHYA KUMARI/Desktop/nodeJs-production-setup/src/util/errorObject.ts" "C:/Users/SANDHYA KUMARI/Desktop/nodeJs-production-setup/src/util/httpError.ts" "C:/Users/SANDHYA KUMARI/Desktop/nodeJs-production-setup/src/util/httpResponse.ts"
14 error node v22.12.0
15 error npm  v2.15.12
16 error code ELIFECYCLE
17 error ts-backend-production-template@1.0.0 lint:fix: `eslint --fix "C:/Users/SANDHYA KUMARI/Desktop/nodeJs-production-setup/src/app.ts" "C:/Users/SANDHYA KUMARI/Desktop/nodeJs-production-setup/src/constant/application.ts" "C:/Users/SANDHYA KUMARI/Desktop/nodeJs-production-setup/src/constant/responseMessage.ts" "C:/Users/SANDHYA KUMARI/Desktop/nodeJs-production-setup/src/controller/apiController.ts" "C:/Users/SANDHYA KUMARI/Desktop/nodeJs-production-setup/src/router/apiRouter.ts" "C:/Users/SANDHYA KUMARI/Desktop/nodeJs-production-setup/src/server.ts" "C:/Users/SANDHYA KUMARI/Desktop/nodeJs-production-setup/src/types/types.ts" "C:/Users/SANDHYA KUMARI/Desktop/nodeJs-production-setup/src/util/errorObject.ts" "C:/Users/SANDHYA KUMARI/Desktop/nodeJs-production-setup/src/util/httpError.ts" "C:/Users/SANDHYA KUMARI/Desktop/nodeJs-production-setup/src/util/httpResponse.ts"`
17 error Exit status 1
18 error Failed at the ts-backend-production-template@1.0.0 lint:fix script 'eslint --fix "C:/Users/SANDHYA KUMARI/Desktop/nodeJs-production-setup/src/app.ts" "C:/Users/SANDHYA KUMARI/Desktop/nodeJs-production-setup/src/constant/application.ts" "C:/Users/SANDHYA KUMARI/Desktop/nodeJs-production-setup/src/constant/responseMessage.ts" "C:/Users/SANDHYA KUMARI/Desktop/nodeJs-production-setup/src/controller/apiController.ts" "C:/Users/SANDHYA KUMARI/Desktop/nodeJs-production-setup/src/router/apiRouter.ts" "C:/Users/SANDHYA KUMARI/Desktop/nodeJs-production-setup/src/server.ts" "C:/Users/SANDHYA KUMARI/Desktop/nodeJs-production-setup/src/types/types.ts" "C:/Users/SANDHYA KUMARI/Desktop/nodeJs-production-setup/src/util/errorObject.ts" "C:/Users/SANDHYA KUMARI/Desktop/nodeJs-production-setup/src/util/httpError.ts" "C:/Users/SANDHYA KUMARI/Desktop/nodeJs-production-setup/src/util/httpResponse.ts"'.
18 error This is most likely a problem with the ts-backend-production-template package,
18 error not with npm itself.
18 error Tell the author that this fails on your system:
18 error     eslint --fix "C:/Users/SANDHYA KUMARI/Desktop/nodeJs-production-setup/src/app.ts" "C:/Users/SANDHYA KUMARI/Desktop/nodeJs-production-setup/src/constant/application.ts" "C:/Users/SANDHYA KUMARI/Desktop/nodeJs-production-setup/src/constant/responseMessage.ts" "C:/Users/SANDHYA KUMARI/Desktop/nodeJs-production-setup/src/controller/apiController.ts" "C:/Users/SANDHYA KUMARI/Desktop/nodeJs-production-setup/src/router/apiRouter.ts" "C:/Users/SANDHYA KUMARI/Desktop/nodeJs-production-setup/src/server.ts" "C:/Users/SANDHYA KUMARI/Desktop/nodeJs-production-setup/src/types/types.ts" "C:/Users/SANDHYA KUMARI/Desktop/nodeJs-production-setup/src/util/errorObject.ts" "C:/Users/SANDHYA KUMARI/Desktop/nodeJs-production-setup/src/util/httpError.ts" "C:/Users/SANDHYA KUMARI/Desktop/nodeJs-production-setup/src/util/httpResponse.ts"
18 error You can get information on how to open an issue for this project with:
18 error     npm bugs ts-backend-production-template
18 error Or if that isn't available, you can get their info via:
18 error
18 error     npm owner ls ts-backend-production-template
18 error There is likely additional logging output above.
19 verbose exit [ 1, true ]
